<?xml version="1.0" encoding="UTF-8"?>
<testsuite name="com.mindhub.homebanking.RepositoriesTest" tests="2" skipped="0" failures="0" errors="0" timestamp="2022-08-23T21:15:06" hostname="MADMAX" time="0.511">
  <properties/>
  <testcase name="existPersonalLoan()" classname="com.mindhub.homebanking.RepositoriesTest" time="0.476"/>
  <testcase name="existLoans()" classname="com.mindhub.homebanking.RepositoriesTest" time="0.032"/>
  <system-out><![CDATA[2022-08-23 18:15:06.605  INFO 19376 --- [    Test worker] .b.t.c.SpringBootTestContextBootstrapper : Neither @ContextConfiguration nor @ContextHierarchy found for test class [com.mindhub.homebanking.RepositoriesTest], using SpringBootContextLoader
2022-08-23 18:15:06.608  INFO 19376 --- [    Test worker] o.s.t.c.support.AbstractContextLoader    : Could not detect default resource locations for test class [com.mindhub.homebanking.RepositoriesTest]: no resource found for suffixes {-context.xml, Context.groovy}.
2022-08-23 18:15:06.608  INFO 19376 --- [    Test worker] t.c.s.AnnotationConfigContextLoaderUtils : Could not detect default configuration classes for test class [com.mindhub.homebanking.RepositoriesTest]: RepositoriesTest does not declare any static, non-private, non-final, nested classes annotated with @Configuration.
2022-08-23 18:15:06.617  INFO 19376 --- [    Test worker] .b.t.c.SpringBootTestContextBootstrapper : Found @SpringBootConfiguration com.mindhub.homebanking.HomebankingApplication for test class com.mindhub.homebanking.RepositoriesTest
2022-08-23 18:15:06.624  INFO 19376 --- [    Test worker] .b.t.c.SpringBootTestContextBootstrapper : Loaded default TestExecutionListener class names from location [META-INF/spring.factories]: [org.springframework.boot.test.autoconfigure.restdocs.RestDocsTestExecutionListener, org.springframework.boot.test.autoconfigure.web.client.MockRestServiceServerResetTestExecutionListener, org.springframework.boot.test.autoconfigure.web.servlet.MockMvcPrintOnlyOnFailureTestExecutionListener, org.springframework.boot.test.autoconfigure.web.servlet.WebDriverTestExecutionListener, org.springframework.boot.test.autoconfigure.webservices.client.MockWebServiceServerTestExecutionListener, org.springframework.boot.test.mock.mockito.MockitoTestExecutionListener, org.springframework.boot.test.mock.mockito.ResetMocksTestExecutionListener, org.springframework.test.context.web.ServletTestExecutionListener, org.springframework.test.context.support.DirtiesContextBeforeModesTestExecutionListener, org.springframework.test.context.event.ApplicationEventsTestExecutionListener, org.springframework.test.context.support.DependencyInjectionTestExecutionListener, org.springframework.test.context.support.DirtiesContextTestExecutionListener, org.springframework.test.context.transaction.TransactionalTestExecutionListener, org.springframework.test.context.jdbc.SqlScriptsTestExecutionListener, org.springframework.test.context.event.EventPublishingTestExecutionListener]
2022-08-23 18:15:06.625  INFO 19376 --- [    Test worker] .b.t.c.SpringBootTestContextBootstrapper : Using TestExecutionListeners: [org.springframework.test.context.web.ServletTestExecutionListener@1ec8afc4, org.springframework.test.context.support.DirtiesContextBeforeModesTestExecutionListener@7cc8fd4b, org.springframework.test.context.event.ApplicationEventsTestExecutionListener@5c516cab, org.springframework.boot.test.mock.mockito.MockitoTestExecutionListener@21f8aa9c, org.springframework.boot.test.autoconfigure.SpringBootDependencyInjectionTestExecutionListener@7a1587e8, org.springframework.test.context.support.DirtiesContextTestExecutionListener@410c1f44, org.springframework.test.context.transaction.TransactionalTestExecutionListener@16ef07fa, org.springframework.test.context.jdbc.SqlScriptsTestExecutionListener@7227e3f1, org.springframework.test.context.event.EventPublishingTestExecutionListener@245b009a, org.springframework.boot.test.autoconfigure.restdocs.RestDocsTestExecutionListener@50ccd6a, org.springframework.boot.test.autoconfigure.web.client.MockRestServiceServerResetTestExecutionListener@6bb2dae6, org.springframework.boot.test.autoconfigure.web.servlet.MockMvcPrintOnlyOnFailureTestExecutionListener@26c7940a, org.springframework.boot.test.autoconfigure.web.servlet.WebDriverTestExecutionListener@5a640f98, org.springframework.boot.test.autoconfigure.webservices.client.MockWebServiceServerTestExecutionListener@39e0fe23, org.springframework.boot.test.mock.mockito.ResetMocksTestExecutionListener@44f86613]
]]></system-out>
  <system-err><![CDATA[]]></system-err>
</testsuite>
