<?xml version="1.0" encoding="UTF-8"?>
<testsuite name="com.mindhub.homebanking.CardUtilsTest" tests="2" skipped="0" failures="0" errors="0" timestamp="2022-08-22T15:12:29" hostname="C11-OGEQR65BH1A" time="0.225">
  <properties/>
  <testcase name="CVVIsCreated()" classname="com.mindhub.homebanking.CardUtilsTest" time="0.192"/>
  <testcase name="cardNumberCreated()" classname="com.mindhub.homebanking.CardUtilsTest" time="0.032"/>
  <system-out><![CDATA[12:12:19.056 [Test worker] DEBUG org.springframework.test.context.BootstrapUtils - Instantiating CacheAwareContextLoaderDelegate from class [org.springframework.test.context.cache.DefaultCacheAwareContextLoaderDelegate]
12:12:19.065 [Test worker] DEBUG org.springframework.test.context.BootstrapUtils - Instantiating BootstrapContext using constructor [public org.springframework.test.context.support.DefaultBootstrapContext(java.lang.Class,org.springframework.test.context.CacheAwareContextLoaderDelegate)]
12:12:19.115 [Test worker] DEBUG org.springframework.test.context.BootstrapUtils - Instantiating TestContextBootstrapper for test class [com.mindhub.homebanking.CardUtilsTest] from class [org.springframework.boot.test.context.SpringBootTestContextBootstrapper]
12:12:19.127 [Test worker] INFO org.springframework.boot.test.context.SpringBootTestContextBootstrapper - Neither @ContextConfiguration nor @ContextHierarchy found for test class [com.mindhub.homebanking.CardUtilsTest], using SpringBootContextLoader
12:12:19.131 [Test worker] DEBUG org.springframework.test.context.support.AbstractContextLoader - Did not detect default resource location for test class [com.mindhub.homebanking.CardUtilsTest]: class path resource [com/mindhub/homebanking/CardUtilsTest-context.xml] does not exist
12:12:19.132 [Test worker] DEBUG org.springframework.test.context.support.AbstractContextLoader - Did not detect default resource location for test class [com.mindhub.homebanking.CardUtilsTest]: class path resource [com/mindhub/homebanking/CardUtilsTestContext.groovy] does not exist
12:12:19.132 [Test worker] INFO org.springframework.test.context.support.AbstractContextLoader - Could not detect default resource locations for test class [com.mindhub.homebanking.CardUtilsTest]: no resource found for suffixes {-context.xml, Context.groovy}.
12:12:19.137 [Test worker] INFO org.springframework.test.context.support.AnnotationConfigContextLoaderUtils - Could not detect default configuration classes for test class [com.mindhub.homebanking.CardUtilsTest]: CardUtilsTest does not declare any static, non-private, non-final, nested classes annotated with @Configuration.
12:12:19.217 [Test worker] DEBUG org.springframework.test.context.support.ActiveProfilesUtils - Could not find an 'annotation declaring class' for annotation type [org.springframework.test.context.ActiveProfiles] and class [com.mindhub.homebanking.CardUtilsTest]
12:12:19.326 [Test worker] DEBUG org.springframework.context.annotation.ClassPathScanningCandidateComponentProvider - Identified candidate component class: file [C:\Users\ibrian.festorazzi\Desktop\Mindhub\homebankingv7l\homebanking\build\classes\java\main\com\mindhub\homebanking\HomebankingApplication.class]
12:12:19.328 [Test worker] INFO org.springframework.boot.test.context.SpringBootTestContextBootstrapper - Found @SpringBootConfiguration com.mindhub.homebanking.HomebankingApplication for test class com.mindhub.homebanking.CardUtilsTest
12:12:19.465 [Test worker] DEBUG org.springframework.boot.test.context.SpringBootTestContextBootstrapper - @TestExecutionListeners is not present for class [com.mindhub.homebanking.CardUtilsTest]: using defaults.
12:12:19.467 [Test worker] INFO org.springframework.boot.test.context.SpringBootTestContextBootstrapper - Loaded default TestExecutionListener class names from location [META-INF/spring.factories]: [org.springframework.boot.test.autoconfigure.restdocs.RestDocsTestExecutionListener, org.springframework.boot.test.autoconfigure.web.client.MockRestServiceServerResetTestExecutionListener, org.springframework.boot.test.autoconfigure.web.servlet.MockMvcPrintOnlyOnFailureTestExecutionListener, org.springframework.boot.test.autoconfigure.web.servlet.WebDriverTestExecutionListener, org.springframework.boot.test.autoconfigure.webservices.client.MockWebServiceServerTestExecutionListener, org.springframework.boot.test.mock.mockito.MockitoTestExecutionListener, org.springframework.boot.test.mock.mockito.ResetMocksTestExecutionListener, org.springframework.test.context.web.ServletTestExecutionListener, org.springframework.test.context.support.DirtiesContextBeforeModesTestExecutionListener, org.springframework.test.context.event.ApplicationEventsTestExecutionListener, org.springframework.test.context.support.DependencyInjectionTestExecutionListener, org.springframework.test.context.support.DirtiesContextTestExecutionListener, org.springframework.test.context.transaction.TransactionalTestExecutionListener, org.springframework.test.context.jdbc.SqlScriptsTestExecutionListener, org.springframework.test.context.event.EventPublishingTestExecutionListener]
12:12:19.495 [Test worker] INFO org.springframework.boot.test.context.SpringBootTestContextBootstrapper - Using TestExecutionListeners: [org.springframework.test.context.web.ServletTestExecutionListener@308a6984, org.springframework.test.context.support.DirtiesContextBeforeModesTestExecutionListener@66b72664, org.springframework.test.context.event.ApplicationEventsTestExecutionListener@7a34b7b8, org.springframework.boot.test.mock.mockito.MockitoTestExecutionListener@58cd06cb, org.springframework.boot.test.autoconfigure.SpringBootDependencyInjectionTestExecutionListener@3be8821f, org.springframework.test.context.support.DirtiesContextTestExecutionListener@64b31700, org.springframework.test.context.transaction.TransactionalTestExecutionListener@3b65e559, org.springframework.test.context.jdbc.SqlScriptsTestExecutionListener@bae47a0, org.springframework.test.context.event.EventPublishingTestExecutionListener@74a9c4b0, org.springframework.boot.test.autoconfigure.restdocs.RestDocsTestExecutionListener@85ec632, org.springframework.boot.test.autoconfigure.web.client.MockRestServiceServerResetTestExecutionListener@1c05a54d, org.springframework.boot.test.autoconfigure.web.servlet.MockMvcPrintOnlyOnFailureTestExecutionListener@65ef722a, org.springframework.boot.test.autoconfigure.web.servlet.WebDriverTestExecutionListener@5fd9b663, org.springframework.boot.test.autoconfigure.webservices.client.MockWebServiceServerTestExecutionListener@214894fc, org.springframework.boot.test.mock.mockito.ResetMocksTestExecutionListener@10567255]
12:12:19.498 [Test worker] DEBUG org.springframework.test.context.support.AbstractDirtiesContextTestExecutionListener - Before test class: context [DefaultTestContext@1a1d3c1a testClass = CardUtilsTest, testInstance = [null], testMethod = [null], testException = [null], mergedContextConfiguration = [WebMergedContextConfiguration@1c65121 testClass = CardUtilsTest, locations = '{}', classes = '{class com.mindhub.homebanking.HomebankingApplication}', contextInitializerClasses = '[]', activeProfiles = '{}', propertySourceLocations = '{}', propertySourceProperties = '{org.springframework.boot.test.context.SpringBootTestContextBootstrapper=true}', contextCustomizers = set[org.springframework.boot.test.autoconfigure.actuate.metrics.MetricsExportContextCustomizerFactory$DisableMetricExportContextCustomizer@f73dcd6, org.springframework.boot.test.autoconfigure.properties.PropertyMappingContextCustomizer@809ac473, org.springframework.boot.test.autoconfigure.web.servlet.WebDriverContextCustomizerFactory$Customizer@3b220bcb, [ImportsContextCustomizer@159e366 key = [org.springframework.boot.test.autoconfigure.jdbc.TestDatabaseAutoConfiguration, org.springframework.boot.autoconfigure.jdbc.DataSourceAutoConfiguration]], org.springframework.boot.test.context.filter.ExcludeFilterContextCustomizer@2453f95d, org.springframework.boot.test.json.DuplicateJsonObjectContextCustomizerFactory$DuplicateJsonObjectContextCustomizer@3e34ace1, org.springframework.boot.test.mock.mockito.MockitoContextCustomizer@0, org.springframework.boot.test.web.client.TestRestTemplateContextCustomizer@21aa6d6c, org.springframework.boot.test.context.SpringBootTestArgs@1, org.springframework.boot.test.context.SpringBootTestWebEnvironment@6ea2bc93], resourceBasePath = 'src/main/webapp', contextLoader = 'org.springframework.boot.test.context.SpringBootContextLoader', parent = [null]], attributes = map['org.springframework.test.context.web.ServletTestExecutionListener.activateListener' -> true]], class annotated with @DirtiesContext [false] with mode [null].

  .   ____          _            __ _ _
 /\\ / ___'_ __ _ _(_)_ __  __ _ \ \ \ \
( ( )\___ | '_ | '_| | '_ \/ _` | \ \ \ \
 \\/  ___)| |_)| | | | | || (_| |  ) ) ) )
  '  |____| .__|_| |_|_| |_\__, | / / / /
 =========|_|==============|___/=/_/_/_/
 :: Spring Boot ::                (v2.7.2)

2022-08-22 12:12:20.078  INFO 4636 --- [    Test worker] com.mindhub.homebanking.CardUtilsTest    : Starting CardUtilsTest using Java 11.0.16 on C11-OGEQR65BH1A with PID 4636 (started by ibrian.festorazzi in C:\Users\ibrian.festorazzi\Desktop\Mindhub\homebankingv7l\homebanking)
2022-08-22 12:12:20.081  INFO 4636 --- [    Test worker] com.mindhub.homebanking.CardUtilsTest    : No active profile set, falling back to 1 default profile: "default"
2022-08-22 12:12:21.323  INFO 4636 --- [    Test worker] .s.d.r.c.RepositoryConfigurationDelegate : Bootstrapping Spring Data JPA repositories in DEFAULT mode.
2022-08-22 12:12:21.439  INFO 4636 --- [    Test worker] .s.d.r.c.RepositoryConfigurationDelegate : Finished Spring Data repository scanning in 95 ms. Found 6 JPA repository interfaces.
2022-08-22 12:12:21.678  INFO 4636 --- [    Test worker] beddedDataSourceBeanFactoryPostProcessor : Replacing 'dataSource' DataSource bean with embedded version
2022-08-22 12:12:22.082  INFO 4636 --- [    Test worker] o.s.j.d.e.EmbeddedDatabaseFactory        : Starting embedded database: url='jdbc:h2:mem:6afe2654-a1e5-441f-b39b-59b33e6e629b;DB_CLOSE_DELAY=-1;DB_CLOSE_ON_EXIT=false', username='sa'
2022-08-22 12:12:22.746  INFO 4636 --- [    Test worker] o.hibernate.jpa.internal.util.LogHelper  : HHH000204: Processing PersistenceUnitInfo [name: default]
2022-08-22 12:12:22.848  INFO 4636 --- [    Test worker] org.hibernate.Version                    : HHH000412: Hibernate ORM core version 5.6.10.Final
2022-08-22 12:12:23.515  INFO 4636 --- [    Test worker] o.hibernate.annotations.common.Version   : HCANN000001: Hibernate Commons Annotations {5.1.2.Final}
2022-08-22 12:12:23.977  INFO 4636 --- [    Test worker] org.hibernate.dialect.Dialect            : HHH000400: Using dialect: org.hibernate.dialect.H2Dialect
2022-08-22 12:12:25.233  INFO 4636 --- [    Test worker] o.h.e.t.j.p.i.JtaPlatformInitiator       : HHH000490: Using JtaPlatform implementation: [org.hibernate.engine.transaction.jta.platform.internal.NoJtaPlatform]
2022-08-22 12:12:25.250  INFO 4636 --- [    Test worker] j.LocalContainerEntityManagerFactoryBean : Initialized JPA EntityManagerFactory for persistence unit 'default'
2022-08-22 12:12:25.920  WARN 4636 --- [    Test worker] JpaBaseConfiguration$JpaWebConfiguration : spring.jpa.open-in-view is enabled by default. Therefore, database queries may be performed during view rendering. Explicitly configure spring.jpa.open-in-view to disable this warning
2022-08-22 12:12:26.800  INFO 4636 --- [    Test worker] o.s.s.web.DefaultSecurityFilterChain     : Will secure any request with [org.springframework.security.web.session.DisableEncodeUrlFilter@6c569caf, org.springframework.security.web.context.request.async.WebAsyncManagerIntegrationFilter@29a5f924, org.springframework.security.web.context.SecurityContextPersistenceFilter@6b64921f, org.springframework.security.web.header.HeaderWriterFilter@1fe37d27, org.springframework.security.web.authentication.logout.LogoutFilter@4b2af0eb, org.springframework.security.web.authentication.UsernamePasswordAuthenticationFilter@6c056020, org.springframework.security.web.savedrequest.RequestCacheAwareFilter@55a2f08b, org.springframework.security.web.servletapi.SecurityContextHolderAwareRequestFilter@75d9b73c, org.springframework.security.web.authentication.AnonymousAuthenticationFilter@5f6ba085, org.springframework.security.web.session.SessionManagementFilter@41736818, org.springframework.security.web.access.ExceptionTranslationFilter@4e53c6ef, org.springframework.security.web.access.intercept.FilterSecurityInterceptor@56017274]
2022-08-22 12:12:28.026  INFO 4636 --- [    Test worker] o.s.b.a.h2.H2ConsoleAutoConfiguration    : H2 console available at '/h2-console'. Database available at 'jdbc:h2:mem:6afe2654-a1e5-441f-b39b-59b33e6e629b'
2022-08-22 12:12:29.188  INFO 4636 --- [    Test worker] com.mindhub.homebanking.CardUtilsTest    : Started CardUtilsTest in 9.64 seconds (JVM running for 11.514)
]]></system-out>
  <system-err><![CDATA[]]></system-err>
</testsuite>
