<?xml version="1.0" encoding="UTF-8"?>
<testsuite name="com.mindhub.homebanking.HomebankingApplicationTests" tests="1" skipped="0" failures="0" errors="0" timestamp="2022-08-22T15:12:32" hostname="C11-OGEQR65BH1A" time="0.003">
  <properties/>
  <testcase name="contextLoads()" classname="com.mindhub.homebanking.HomebankingApplicationTests" time="0.003"/>
  <system-out><![CDATA[2022-08-22 12:12:30.083  INFO 4636 --- [    Test worker] .b.t.c.SpringBootTestContextBootstrapper : Neither @ContextConfiguration nor @ContextHierarchy found for test class [com.mindhub.homebanking.HomebankingApplicationTests], using SpringBootContextLoader
2022-08-22 12:12:30.086  INFO 4636 --- [    Test worker] o.s.t.c.support.AbstractContextLoader    : Could not detect default resource locations for test class [com.mindhub.homebanking.HomebankingApplicationTests]: no resource found for suffixes {-context.xml, Context.groovy}.
2022-08-22 12:12:30.086  INFO 4636 --- [    Test worker] t.c.s.AnnotationConfigContextLoaderUtils : Could not detect default configuration classes for test class [com.mindhub.homebanking.HomebankingApplicationTests]: HomebankingApplicationTests does not declare any static, non-private, non-final, nested classes annotated with @Configuration.
2022-08-22 12:12:30.087  INFO 4636 --- [    Test worker] .b.t.c.SpringBootTestContextBootstrapper : Found @SpringBootConfiguration com.mindhub.homebanking.HomebankingApplication for test class com.mindhub.homebanking.HomebankingApplicationTests
2022-08-22 12:12:30.090  INFO 4636 --- [    Test worker] .b.t.c.SpringBootTestContextBootstrapper : Loaded default TestExecutionListener class names from location [META-INF/spring.factories]: [org.springframework.boot.test.autoconfigure.restdocs.RestDocsTestExecutionListener, org.springframework.boot.test.autoconfigure.web.client.MockRestServiceServerResetTestExecutionListener, org.springframework.boot.test.autoconfigure.web.servlet.MockMvcPrintOnlyOnFailureTestExecutionListener, org.springframework.boot.test.autoconfigure.web.servlet.WebDriverTestExecutionListener, org.springframework.boot.test.autoconfigure.webservices.client.MockWebServiceServerTestExecutionListener, org.springframework.boot.test.mock.mockito.MockitoTestExecutionListener, org.springframework.boot.test.mock.mockito.ResetMocksTestExecutionListener, org.springframework.test.context.web.ServletTestExecutionListener, org.springframework.test.context.support.DirtiesContextBeforeModesTestExecutionListener, org.springframework.test.context.event.ApplicationEventsTestExecutionListener, org.springframework.test.context.support.DependencyInjectionTestExecutionListener, org.springframework.test.context.support.DirtiesContextTestExecutionListener, org.springframework.test.context.transaction.TransactionalTestExecutionListener, org.springframework.test.context.jdbc.SqlScriptsTestExecutionListener, org.springframework.test.context.event.EventPublishingTestExecutionListener]
2022-08-22 12:12:30.090  INFO 4636 --- [    Test worker] .b.t.c.SpringBootTestContextBootstrapper : Using TestExecutionListeners: [org.springframework.test.context.web.ServletTestExecutionListener@213d5189, org.springframework.test.context.support.DirtiesContextBeforeModesTestExecutionListener@70eced1f, org.springframework.test.context.event.ApplicationEventsTestExecutionListener@39068df9, org.springframework.boot.test.mock.mockito.MockitoTestExecutionListener@4ca83ec3, org.springframework.boot.test.autoconfigure.SpringBootDependencyInjectionTestExecutionListener@7d29fc6, org.springframework.test.context.support.DirtiesContextTestExecutionListener@10c11e36, org.springframework.test.context.transaction.TransactionalTestExecutionListener@1da53092, org.springframework.test.context.jdbc.SqlScriptsTestExecutionListener@10f64bc3, org.springframework.test.context.event.EventPublishingTestExecutionListener@3c9cab4, org.springframework.boot.test.autoconfigure.restdocs.RestDocsTestExecutionListener@1be15455, org.springframework.boot.test.autoconfigure.web.client.MockRestServiceServerResetTestExecutionListener@2ff4d61b, org.springframework.boot.test.autoconfigure.web.servlet.MockMvcPrintOnlyOnFailureTestExecutionListener@dfe2875, org.springframework.boot.test.autoconfigure.web.servlet.WebDriverTestExecutionListener@402fcf14, org.springframework.boot.test.autoconfigure.webservices.client.MockWebServiceServerTestExecutionListener@517d68b8, org.springframework.boot.test.mock.mockito.ResetMocksTestExecutionListener@58b03882]

  .   ____          _            __ _ _
 /\\ / ___'_ __ _ _(_)_ __  __ _ \ \ \ \
( ( )\___ | '_ | '_| | '_ \/ _` | \ \ \ \
 \\/  ___)| |_)| | | | | || (_| |  ) ) ) )
  '  |____| .__|_| |_|_| |_\__, | / / / /
 =========|_|==============|___/=/_/_/_/
 :: Spring Boot ::                (v2.7.2)

2022-08-22 12:12:30.127  INFO 4636 --- [    Test worker] c.m.h.HomebankingApplicationTests        : Starting HomebankingApplicationTests using Java 11.0.16 on C11-OGEQR65BH1A with PID 4636 (started by ibrian.festorazzi in C:\Users\ibrian.festorazzi\Desktop\Mindhub\homebankingv7l\homebanking)
2022-08-22 12:12:30.128  INFO 4636 --- [    Test worker] c.m.h.HomebankingApplicationTests        : No active profile set, falling back to 1 default profile: "default"
2022-08-22 12:12:30.418  INFO 4636 --- [    Test worker] .s.d.r.c.RepositoryConfigurationDelegate : Bootstrapping Spring Data JPA repositories in DEFAULT mode.
2022-08-22 12:12:30.459  INFO 4636 --- [    Test worker] .s.d.r.c.RepositoryConfigurationDelegate : Finished Spring Data repository scanning in 40 ms. Found 6 JPA repository interfaces.
2022-08-22 12:12:30.666  INFO 4636 --- [    Test worker] com.zaxxer.hikari.HikariDataSource       : HikariPool-1 - Starting...
2022-08-22 12:12:30.688  INFO 4636 --- [    Test worker] com.zaxxer.hikari.HikariDataSource       : HikariPool-1 - Start completed.
2022-08-22 12:12:30.722  INFO 4636 --- [    Test worker] o.hibernate.jpa.internal.util.LogHelper  : HHH000204: Processing PersistenceUnitInfo [name: default]
2022-08-22 12:12:30.729  INFO 4636 --- [    Test worker] org.hibernate.dialect.Dialect            : HHH000400: Using dialect: org.hibernate.dialect.H2Dialect
2022-08-22 12:12:30.901  INFO 4636 --- [    Test worker] o.h.e.t.j.p.i.JtaPlatformInitiator       : HHH000490: Using JtaPlatform implementation: [org.hibernate.engine.transaction.jta.platform.internal.NoJtaPlatform]
2022-08-22 12:12:30.901  INFO 4636 --- [    Test worker] j.LocalContainerEntityManagerFactoryBean : Initialized JPA EntityManagerFactory for persistence unit 'default'
2022-08-22 12:12:31.151  WARN 4636 --- [    Test worker] JpaBaseConfiguration$JpaWebConfiguration : spring.jpa.open-in-view is enabled by default. Therefore, database queries may be performed during view rendering. Explicitly configure spring.jpa.open-in-view to disable this warning
2022-08-22 12:12:31.602  INFO 4636 --- [    Test worker] o.s.s.web.DefaultSecurityFilterChain     : Will secure any request with [org.springframework.security.web.session.DisableEncodeUrlFilter@1077a7, org.springframework.security.web.context.request.async.WebAsyncManagerIntegrationFilter@6e0fd2dc, org.springframework.security.web.context.SecurityContextPersistenceFilter@7e32442d, org.springframework.security.web.header.HeaderWriterFilter@727eae52, org.springframework.security.web.authentication.logout.LogoutFilter@27959922, org.springframework.security.web.authentication.UsernamePasswordAuthenticationFilter@4f1cb802, org.springframework.security.web.savedrequest.RequestCacheAwareFilter@310df168, org.springframework.security.web.servletapi.SecurityContextHolderAwareRequestFilter@3606c525, org.springframework.security.web.authentication.AnonymousAuthenticationFilter@3110bb19, org.springframework.security.web.session.SessionManagementFilter@237bdd46, org.springframework.security.web.access.ExceptionTranslationFilter@5b628249, org.springframework.security.web.access.intercept.FilterSecurityInterceptor@766534b0]
2022-08-22 12:12:31.982  INFO 4636 --- [    Test worker] o.s.b.a.h2.H2ConsoleAutoConfiguration    : H2 console available at '/h2-console'. Database available at 'jdbc:h2:mem:homebanking'
2022-08-22 12:12:32.548  INFO 4636 --- [    Test worker] c.m.h.HomebankingApplicationTests        : Started HomebankingApplicationTests in 2.455 seconds (JVM running for 14.874)
]]></system-out>
  <system-err><![CDATA[]]></system-err>
</testsuite>
