<?xml version="1.0" encoding="UTF-8"?>
<testsuite name="com.mindhub.homebanking.HomebankingApplicationTests" tests="1" skipped="0" failures="0" errors="0" timestamp="2022-09-13T19:48:05" hostname="C11-OGEQR65BH1A" time="0.004">
  <properties/>
  <testcase name="contextLoads()" classname="com.mindhub.homebanking.HomebankingApplicationTests" time="0.004"/>
  <system-out><![CDATA[2022-09-13 16:48:03.882  INFO 13668 --- [    Test worker] .b.t.c.SpringBootTestContextBootstrapper : Neither @ContextConfiguration nor @ContextHierarchy found for test class [com.mindhub.homebanking.HomebankingApplicationTests], using SpringBootContextLoader
2022-09-13 16:48:03.883  INFO 13668 --- [    Test worker] o.s.t.c.support.AbstractContextLoader    : Could not detect default resource locations for test class [com.mindhub.homebanking.HomebankingApplicationTests]: no resource found for suffixes {-context.xml, Context.groovy}.
2022-09-13 16:48:03.883  INFO 13668 --- [    Test worker] t.c.s.AnnotationConfigContextLoaderUtils : Could not detect default configuration classes for test class [com.mindhub.homebanking.HomebankingApplicationTests]: HomebankingApplicationTests does not declare any static, non-private, non-final, nested classes annotated with @Configuration.
2022-09-13 16:48:03.884  INFO 13668 --- [    Test worker] .b.t.c.SpringBootTestContextBootstrapper : Found @SpringBootConfiguration com.mindhub.homebanking.HomebankingApplication for test class com.mindhub.homebanking.HomebankingApplicationTests
2022-09-13 16:48:03.887  INFO 13668 --- [    Test worker] .b.t.c.SpringBootTestContextBootstrapper : Loaded default TestExecutionListener class names from location [META-INF/spring.factories]: [org.springframework.boot.test.autoconfigure.restdocs.RestDocsTestExecutionListener, org.springframework.boot.test.autoconfigure.web.client.MockRestServiceServerResetTestExecutionListener, org.springframework.boot.test.autoconfigure.web.servlet.MockMvcPrintOnlyOnFailureTestExecutionListener, org.springframework.boot.test.autoconfigure.web.servlet.WebDriverTestExecutionListener, org.springframework.boot.test.autoconfigure.webservices.client.MockWebServiceServerTestExecutionListener, org.springframework.boot.test.mock.mockito.MockitoTestExecutionListener, org.springframework.boot.test.mock.mockito.ResetMocksTestExecutionListener, org.springframework.test.context.web.ServletTestExecutionListener, org.springframework.test.context.support.DirtiesContextBeforeModesTestExecutionListener, org.springframework.test.context.event.ApplicationEventsTestExecutionListener, org.springframework.test.context.support.DependencyInjectionTestExecutionListener, org.springframework.test.context.support.DirtiesContextTestExecutionListener, org.springframework.test.context.transaction.TransactionalTestExecutionListener, org.springframework.test.context.jdbc.SqlScriptsTestExecutionListener, org.springframework.test.context.event.EventPublishingTestExecutionListener]
2022-09-13 16:48:03.887  INFO 13668 --- [    Test worker] .b.t.c.SpringBootTestContextBootstrapper : Using TestExecutionListeners: [org.springframework.test.context.web.ServletTestExecutionListener@3c592c0c, org.springframework.test.context.support.DirtiesContextBeforeModesTestExecutionListener@3979c6e8, org.springframework.test.context.event.ApplicationEventsTestExecutionListener@6fb3d3bb, org.springframework.boot.test.mock.mockito.MockitoTestExecutionListener@38a3c078, org.springframework.boot.test.autoconfigure.SpringBootDependencyInjectionTestExecutionListener@4d6fa22c, org.springframework.test.context.support.DirtiesContextTestExecutionListener@3a5663ef, org.springframework.test.context.transaction.TransactionalTestExecutionListener@4b094115, org.springframework.test.context.jdbc.SqlScriptsTestExecutionListener@6d0fe80c, org.springframework.test.context.event.EventPublishingTestExecutionListener@5d414943, org.springframework.boot.test.autoconfigure.restdocs.RestDocsTestExecutionListener@5481001f, org.springframework.boot.test.autoconfigure.web.client.MockRestServiceServerResetTestExecutionListener@5581e273, org.springframework.boot.test.autoconfigure.web.servlet.MockMvcPrintOnlyOnFailureTestExecutionListener@475c2f47, org.springframework.boot.test.autoconfigure.web.servlet.WebDriverTestExecutionListener@10806dbe, org.springframework.boot.test.autoconfigure.webservices.client.MockWebServiceServerTestExecutionListener@4c5d1649, org.springframework.boot.test.mock.mockito.ResetMocksTestExecutionListener@1695f7cb]

  .   ____          _            __ _ _
 /\\ / ___'_ __ _ _(_)_ __  __ _ \ \ \ \
( ( )\___ | '_ | '_| | '_ \/ _` | \ \ \ \
 \\/  ___)| |_)| | | | | || (_| |  ) ) ) )
  '  |____| .__|_| |_|_| |_\__, | / / / /
 =========|_|==============|___/=/_/_/_/
 :: Spring Boot ::               (v2.4.10)

2022-09-13 16:48:03.926  INFO 13668 --- [    Test worker] c.m.h.HomebankingApplicationTests        : Starting HomebankingApplicationTests using Java 11.0.16 on C11-OGEQR65BH1A with PID 13668 (started by ibrian.festorazzi in C:\Users\ibrian.festorazzi\Desktop\BerryBank)
2022-09-13 16:48:03.927  INFO 13668 --- [    Test worker] c.m.h.HomebankingApplicationTests        : No active profile set, falling back to default profiles: default
2022-09-13 16:48:04.179  INFO 13668 --- [    Test worker] .s.d.r.c.RepositoryConfigurationDelegate : Bootstrapping Spring Data JPA repositories in DEFAULT mode.
2022-09-13 16:48:04.224  INFO 13668 --- [    Test worker] .s.d.r.c.RepositoryConfigurationDelegate : Finished Spring Data repository scanning in 44 ms. Found 6 JPA repository interfaces.
2022-09-13 16:48:04.438  INFO 13668 --- [    Test worker] com.zaxxer.hikari.HikariDataSource       : HikariPool-1 - Starting...
2022-09-13 16:48:04.466  INFO 13668 --- [    Test worker] com.zaxxer.hikari.HikariDataSource       : HikariPool-1 - Start completed.
2022-09-13 16:48:04.499  INFO 13668 --- [    Test worker] o.hibernate.jpa.internal.util.LogHelper  : HHH000204: Processing PersistenceUnitInfo [name: default]
2022-09-13 16:48:04.507  INFO 13668 --- [    Test worker] org.hibernate.dialect.Dialect            : HHH000400: Using dialect: org.hibernate.dialect.H2Dialect
2022-09-13 16:48:04.603  INFO 13668 --- [    Test worker] o.h.e.t.j.p.i.JtaPlatformInitiator       : HHH000490: Using JtaPlatform implementation: [org.hibernate.engine.transaction.jta.platform.internal.NoJtaPlatform]
2022-09-13 16:48:04.604  INFO 13668 --- [    Test worker] j.LocalContainerEntityManagerFactoryBean : Initialized JPA EntityManagerFactory for persistence unit 'default'
2022-09-13 16:48:04.687  WARN 13668 --- [    Test worker] JpaBaseConfiguration$JpaWebConfiguration : spring.jpa.open-in-view is enabled by default. Therefore, database queries may be performed during view rendering. Explicitly configure spring.jpa.open-in-view to disable this warning
2022-09-13 16:48:04.983  INFO 13668 --- [    Test worker] o.s.s.web.DefaultSecurityFilterChain     : Will secure any request with [org.springframework.security.web.context.request.async.WebAsyncManagerIntegrationFilter@3e966e67, org.springframework.security.web.context.SecurityContextPersistenceFilter@1666e021, org.springframework.security.web.header.HeaderWriterFilter@2fedfff1, org.springframework.security.web.authentication.logout.LogoutFilter@1b6441c9, org.springframework.security.web.authentication.UsernamePasswordAuthenticationFilter@7e147828, org.springframework.security.web.savedrequest.RequestCacheAwareFilter@148c571c, org.springframework.security.web.servletapi.SecurityContextHolderAwareRequestFilter@545e200b, org.springframework.security.web.authentication.AnonymousAuthenticationFilter@45dbbb97, org.springframework.security.web.session.SessionManagementFilter@34db5935, org.springframework.security.web.access.ExceptionTranslationFilter@f81bd2c, org.springframework.security.web.access.intercept.FilterSecurityInterceptor@453fcce2]
2022-09-13 16:48:05.255  INFO 13668 --- [    Test worker] o.s.b.a.h2.H2ConsoleAutoConfiguration    : H2 console available at '/h2-console'. Database available at 'jdbc:h2:mem:homebanking'
2022-09-13 16:48:05.622  INFO 13668 --- [    Test worker] c.m.h.HomebankingApplicationTests        : Started HomebankingApplicationTests in 1.733 seconds (JVM running for 10.287)
]]></system-out>
  <system-err><![CDATA[]]></system-err>
</testsuite>
