<?xml version="1.0" encoding="UTF-8"?>
<testsuite name="com.mindhub.homebanking.CardUtilsTest" tests="2" skipped="0" failures="0" errors="0" timestamp="2022-09-13T19:48:03" hostname="C11-OGEQR65BH1A" time="0.216">
  <properties/>
  <testcase name="CVVIsCreated()" classname="com.mindhub.homebanking.CardUtilsTest" time="0.196"/>
  <testcase name="cardNumberCreated()" classname="com.mindhub.homebanking.CardUtilsTest" time="0.018"/>
  <system-out><![CDATA[16:47:56.435 [Test worker] DEBUG org.springframework.test.context.BootstrapUtils - Instantiating CacheAwareContextLoaderDelegate from class [org.springframework.test.context.cache.DefaultCacheAwareContextLoaderDelegate]
16:47:56.450 [Test worker] DEBUG org.springframework.test.context.BootstrapUtils - Instantiating BootstrapContext using constructor [public org.springframework.test.context.support.DefaultBootstrapContext(java.lang.Class,org.springframework.test.context.CacheAwareContextLoaderDelegate)]
16:47:56.491 [Test worker] DEBUG org.springframework.test.context.BootstrapUtils - Instantiating TestContextBootstrapper for test class [com.mindhub.homebanking.CardUtilsTest] from class [org.springframework.boot.test.context.SpringBootTestContextBootstrapper]
16:47:56.501 [Test worker] INFO org.springframework.boot.test.context.SpringBootTestContextBootstrapper - Neither @ContextConfiguration nor @ContextHierarchy found for test class [com.mindhub.homebanking.CardUtilsTest], using SpringBootContextLoader
16:47:56.505 [Test worker] DEBUG org.springframework.test.context.support.AbstractContextLoader - Did not detect default resource location for test class [com.mindhub.homebanking.CardUtilsTest]: class path resource [com/mindhub/homebanking/CardUtilsTest-context.xml] does not exist
16:47:56.505 [Test worker] DEBUG org.springframework.test.context.support.AbstractContextLoader - Did not detect default resource location for test class [com.mindhub.homebanking.CardUtilsTest]: class path resource [com/mindhub/homebanking/CardUtilsTestContext.groovy] does not exist
16:47:56.505 [Test worker] INFO org.springframework.test.context.support.AbstractContextLoader - Could not detect default resource locations for test class [com.mindhub.homebanking.CardUtilsTest]: no resource found for suffixes {-context.xml, Context.groovy}.
16:47:56.506 [Test worker] INFO org.springframework.test.context.support.AnnotationConfigContextLoaderUtils - Could not detect default configuration classes for test class [com.mindhub.homebanking.CardUtilsTest]: CardUtilsTest does not declare any static, non-private, non-final, nested classes annotated with @Configuration.
16:47:56.561 [Test worker] DEBUG org.springframework.test.context.support.ActiveProfilesUtils - Could not find an 'annotation declaring class' for annotation type [org.springframework.test.context.ActiveProfiles] and class [com.mindhub.homebanking.CardUtilsTest]
16:47:56.627 [Test worker] DEBUG org.springframework.context.annotation.ClassPathScanningCandidateComponentProvider - Identified candidate component class: file [C:\Users\ibrian.festorazzi\Desktop\BerryBank\build\classes\java\main\com\mindhub\homebanking\HomebankingApplication.class]
16:47:56.628 [Test worker] INFO org.springframework.boot.test.context.SpringBootTestContextBootstrapper - Found @SpringBootConfiguration com.mindhub.homebanking.HomebankingApplication for test class com.mindhub.homebanking.CardUtilsTest
16:47:56.739 [Test worker] DEBUG org.springframework.boot.test.context.SpringBootTestContextBootstrapper - @TestExecutionListeners is not present for class [com.mindhub.homebanking.CardUtilsTest]: using defaults.
16:47:56.740 [Test worker] INFO org.springframework.boot.test.context.SpringBootTestContextBootstrapper - Loaded default TestExecutionListener class names from location [META-INF/spring.factories]: [org.springframework.boot.test.autoconfigure.restdocs.RestDocsTestExecutionListener, org.springframework.boot.test.autoconfigure.web.client.MockRestServiceServerResetTestExecutionListener, org.springframework.boot.test.autoconfigure.web.servlet.MockMvcPrintOnlyOnFailureTestExecutionListener, org.springframework.boot.test.autoconfigure.web.servlet.WebDriverTestExecutionListener, org.springframework.boot.test.autoconfigure.webservices.client.MockWebServiceServerTestExecutionListener, org.springframework.boot.test.mock.mockito.MockitoTestExecutionListener, org.springframework.boot.test.mock.mockito.ResetMocksTestExecutionListener, org.springframework.test.context.web.ServletTestExecutionListener, org.springframework.test.context.support.DirtiesContextBeforeModesTestExecutionListener, org.springframework.test.context.event.ApplicationEventsTestExecutionListener, org.springframework.test.context.support.DependencyInjectionTestExecutionListener, org.springframework.test.context.support.DirtiesContextTestExecutionListener, org.springframework.test.context.transaction.TransactionalTestExecutionListener, org.springframework.test.context.jdbc.SqlScriptsTestExecutionListener, org.springframework.test.context.event.EventPublishingTestExecutionListener]
16:47:56.767 [Test worker] INFO org.springframework.boot.test.context.SpringBootTestContextBootstrapper - Using TestExecutionListeners: [org.springframework.test.context.web.ServletTestExecutionListener@26d10f2e, org.springframework.test.context.support.DirtiesContextBeforeModesTestExecutionListener@10ad20cb, org.springframework.test.context.event.ApplicationEventsTestExecutionListener@7dd712e8, org.springframework.boot.test.mock.mockito.MockitoTestExecutionListener@2c282004, org.springframework.boot.test.autoconfigure.SpringBootDependencyInjectionTestExecutionListener@22ee2d0, org.springframework.test.context.support.DirtiesContextTestExecutionListener@7bfc3126, org.springframework.test.context.transaction.TransactionalTestExecutionListener@3e792ce3, org.springframework.test.context.jdbc.SqlScriptsTestExecutionListener@53bc1328, org.springframework.test.context.event.EventPublishingTestExecutionListener@26f143ed, org.springframework.boot.test.autoconfigure.restdocs.RestDocsTestExecutionListener@3c1e3314, org.springframework.boot.test.autoconfigure.web.client.MockRestServiceServerResetTestExecutionListener@4b770e40, org.springframework.boot.test.autoconfigure.web.servlet.MockMvcPrintOnlyOnFailureTestExecutionListener@78e16155, org.springframework.boot.test.autoconfigure.web.servlet.WebDriverTestExecutionListener@54a3ab8f, org.springframework.boot.test.autoconfigure.webservices.client.MockWebServiceServerTestExecutionListener@1968a49c, org.springframework.boot.test.mock.mockito.ResetMocksTestExecutionListener@6a1ebcff]
16:47:56.771 [Test worker] DEBUG org.springframework.test.context.support.AbstractDirtiesContextTestExecutionListener - Before test class: context [DefaultTestContext@49ef32e0 testClass = CardUtilsTest, testInstance = [null], testMethod = [null], testException = [null], mergedContextConfiguration = [WebMergedContextConfiguration@271f18d3 testClass = CardUtilsTest, locations = '{}', classes = '{class com.mindhub.homebanking.HomebankingApplication}', contextInitializerClasses = '[]', activeProfiles = '{}', propertySourceLocations = '{}', propertySourceProperties = '{org.springframework.boot.test.context.SpringBootTestContextBootstrapper=true}', contextCustomizers = set[org.springframework.boot.test.autoconfigure.actuate.metrics.MetricsExportContextCustomizerFactory$DisableMetricExportContextCustomizer@3fffff43, org.springframework.boot.test.autoconfigure.properties.PropertyMappingContextCustomizer@cd31d468, org.springframework.boot.test.autoconfigure.web.servlet.WebDriverContextCustomizerFactory$Customizer@a4b2d8f, [ImportsContextCustomizer@6bd51ed8 key = [org.springframework.boot.test.autoconfigure.jdbc.TestDatabaseAutoConfiguration, org.springframework.boot.autoconfigure.jdbc.DataSourceAutoConfiguration]], org.springframework.boot.test.context.filter.ExcludeFilterContextCustomizer@619bfe29, org.springframework.boot.test.json.DuplicateJsonObjectContextCustomizerFactory$DuplicateJsonObjectContextCustomizer@652a7737, org.springframework.boot.test.mock.mockito.MockitoContextCustomizer@0, org.springframework.boot.test.web.client.TestRestTemplateContextCustomizer@4264b240, org.springframework.boot.test.context.SpringBootTestArgs@1, org.springframework.boot.test.context.SpringBootTestWebEnvironment@295cf707], resourceBasePath = 'src/main/webapp', contextLoader = 'org.springframework.boot.test.context.SpringBootContextLoader', parent = [null]], attributes = map['org.springframework.test.context.web.ServletTestExecutionListener.activateListener' -> true]], class annotated with @DirtiesContext [false] with mode [null].
16:47:56.806 [Test worker] DEBUG org.springframework.test.context.support.TestPropertySourceUtils - Adding inlined properties to environment: {spring.jmx.enabled=false, org.springframework.boot.test.context.SpringBootTestContextBootstrapper=true}

  .   ____          _            __ _ _
 /\\ / ___'_ __ _ _(_)_ __  __ _ \ \ \ \
( ( )\___ | '_ | '_| | '_ \/ _` | \ \ \ \
 \\/  ___)| |_)| | | | | || (_| |  ) ) ) )
  '  |____| .__|_| |_|_| |_\__, | / / / /
 =========|_|==============|___/=/_/_/_/
 :: Spring Boot ::               (v2.4.10)

2022-09-13 16:47:57.110  INFO 13668 --- [    Test worker] com.mindhub.homebanking.CardUtilsTest    : Starting CardUtilsTest using Java 11.0.16 on C11-OGEQR65BH1A with PID 13668 (started by ibrian.festorazzi in C:\Users\ibrian.festorazzi\Desktop\BerryBank)
2022-09-13 16:47:57.115  INFO 13668 --- [    Test worker] com.mindhub.homebanking.CardUtilsTest    : No active profile set, falling back to default profiles: default
2022-09-13 16:47:58.225  INFO 13668 --- [    Test worker] .s.d.r.c.RepositoryConfigurationDelegate : Bootstrapping Spring Data JPA repositories in DEFAULT mode.
2022-09-13 16:47:58.339  INFO 13668 --- [    Test worker] .s.d.r.c.RepositoryConfigurationDelegate : Finished Spring Data repository scanning in 99 ms. Found 6 JPA repository interfaces.
2022-09-13 16:47:58.577  INFO 13668 --- [    Test worker] beddedDataSourceBeanFactoryPostProcessor : Replacing 'dataSource' DataSource bean with embedded version
2022-09-13 16:47:58.847  INFO 13668 --- [    Test worker] o.s.j.d.e.EmbeddedDatabaseFactory        : Starting embedded database: url='jdbc:h2:mem:be829934-b487-4aeb-a4de-f65fc6d966cb;DB_CLOSE_DELAY=-1;DB_CLOSE_ON_EXIT=false', username='sa'
2022-09-13 16:47:59.266  INFO 13668 --- [    Test worker] o.hibernate.jpa.internal.util.LogHelper  : HHH000204: Processing PersistenceUnitInfo [name: default]
2022-09-13 16:47:59.328  INFO 13668 --- [    Test worker] org.hibernate.Version                    : HHH000412: Hibernate ORM core version 5.4.32.Final
2022-09-13 16:47:59.537  INFO 13668 --- [    Test worker] o.hibernate.annotations.common.Version   : HCANN000001: Hibernate Commons Annotations {5.1.2.Final}
2022-09-13 16:47:59.697  INFO 13668 --- [    Test worker] org.hibernate.dialect.Dialect            : HHH000400: Using dialect: org.hibernate.dialect.H2Dialect
2022-09-13 16:48:00.643  INFO 13668 --- [    Test worker] o.h.e.t.j.p.i.JtaPlatformInitiator       : HHH000490: Using JtaPlatform implementation: [org.hibernate.engine.transaction.jta.platform.internal.NoJtaPlatform]
2022-09-13 16:48:00.651  INFO 13668 --- [    Test worker] j.LocalContainerEntityManagerFactoryBean : Initialized JPA EntityManagerFactory for persistence unit 'default'
2022-09-13 16:48:01.430  WARN 13668 --- [    Test worker] JpaBaseConfiguration$JpaWebConfiguration : spring.jpa.open-in-view is enabled by default. Therefore, database queries may be performed during view rendering. Explicitly configure spring.jpa.open-in-view to disable this warning
2022-09-13 16:48:02.099  INFO 13668 --- [    Test worker] o.s.s.web.DefaultSecurityFilterChain     : Will secure any request with [org.springframework.security.web.context.request.async.WebAsyncManagerIntegrationFilter@497c1d78, org.springframework.security.web.context.SecurityContextPersistenceFilter@c555e1e, org.springframework.security.web.header.HeaderWriterFilter@7827cdfc, org.springframework.security.web.authentication.logout.LogoutFilter@1d0fc0bc, org.springframework.security.web.authentication.UsernamePasswordAuthenticationFilter@309d54ac, org.springframework.security.web.savedrequest.RequestCacheAwareFilter@125ba798, org.springframework.security.web.servletapi.SecurityContextHolderAwareRequestFilter@3e265811, org.springframework.security.web.authentication.AnonymousAuthenticationFilter@7d12fb85, org.springframework.security.web.session.SessionManagementFilter@43cf97a8, org.springframework.security.web.access.ExceptionTranslationFilter@22a1d77b, org.springframework.security.web.access.intercept.FilterSecurityInterceptor@4e0139]
2022-09-13 16:48:02.734  INFO 13668 --- [    Test worker] o.s.b.a.h2.H2ConsoleAutoConfiguration    : H2 console available at '/h2-console'. Database available at 'jdbc:h2:mem:be829934-b487-4aeb-a4de-f65fc6d966cb'
2022-09-13 16:48:03.314  INFO 13668 --- [    Test worker] com.mindhub.homebanking.CardUtilsTest    : Started CardUtilsTest in 6.5 seconds (JVM running for 7.978)
]]></system-out>
  <system-err><![CDATA[]]></system-err>
</testsuite>
