<?xml version="1.0" encoding="UTF-8"?>
<testsuite name="com.mindhub.homebanking.RepositoriesTest" tests="2" skipped="0" failures="0" errors="0" timestamp="2022-08-22T15:12:29" hostname="C11-OGEQR65BH1A" time="0.242">
  <properties/>
  <testcase name="existPersonalLoan()" classname="com.mindhub.homebanking.RepositoriesTest" time="0.228"/>
  <testcase name="existLoans()" classname="com.mindhub.homebanking.RepositoriesTest" time="0.012"/>
  <system-out><![CDATA[2022-08-22 12:12:29.782  INFO 4636 --- [    Test worker] .b.t.c.SpringBootTestContextBootstrapper : Neither @ContextConfiguration nor @ContextHierarchy found for test class [com.mindhub.homebanking.RepositoriesTest], using SpringBootContextLoader
2022-08-22 12:12:29.784  INFO 4636 --- [    Test worker] o.s.t.c.support.AbstractContextLoader    : Could not detect default resource locations for test class [com.mindhub.homebanking.RepositoriesTest]: no resource found for suffixes {-context.xml, Context.groovy}.
2022-08-22 12:12:29.784  INFO 4636 --- [    Test worker] t.c.s.AnnotationConfigContextLoaderUtils : Could not detect default configuration classes for test class [com.mindhub.homebanking.RepositoriesTest]: RepositoriesTest does not declare any static, non-private, non-final, nested classes annotated with @Configuration.
2022-08-22 12:12:29.791  INFO 4636 --- [    Test worker] .b.t.c.SpringBootTestContextBootstrapper : Found @SpringBootConfiguration com.mindhub.homebanking.HomebankingApplication for test class com.mindhub.homebanking.RepositoriesTest
2022-08-22 12:12:29.795  INFO 4636 --- [    Test worker] .b.t.c.SpringBootTestContextBootstrapper : Loaded default TestExecutionListener class names from location [META-INF/spring.factories]: [org.springframework.boot.test.autoconfigure.restdocs.RestDocsTestExecutionListener, org.springframework.boot.test.autoconfigure.web.client.MockRestServiceServerResetTestExecutionListener, org.springframework.boot.test.autoconfigure.web.servlet.MockMvcPrintOnlyOnFailureTestExecutionListener, org.springframework.boot.test.autoconfigure.web.servlet.WebDriverTestExecutionListener, org.springframework.boot.test.autoconfigure.webservices.client.MockWebServiceServerTestExecutionListener, org.springframework.boot.test.mock.mockito.MockitoTestExecutionListener, org.springframework.boot.test.mock.mockito.ResetMocksTestExecutionListener, org.springframework.test.context.web.ServletTestExecutionListener, org.springframework.test.context.support.DirtiesContextBeforeModesTestExecutionListener, org.springframework.test.context.event.ApplicationEventsTestExecutionListener, org.springframework.test.context.support.DependencyInjectionTestExecutionListener, org.springframework.test.context.support.DirtiesContextTestExecutionListener, org.springframework.test.context.transaction.TransactionalTestExecutionListener, org.springframework.test.context.jdbc.SqlScriptsTestExecutionListener, org.springframework.test.context.event.EventPublishingTestExecutionListener]
2022-08-22 12:12:29.797  INFO 4636 --- [    Test worker] .b.t.c.SpringBootTestContextBootstrapper : Using TestExecutionListeners: [org.springframework.test.context.web.ServletTestExecutionListener@2fb3c930, org.springframework.test.context.support.DirtiesContextBeforeModesTestExecutionListener@479f738a, org.springframework.test.context.event.ApplicationEventsTestExecutionListener@772db1d8, org.springframework.boot.test.mock.mockito.MockitoTestExecutionListener@7955b4d4, org.springframework.boot.test.autoconfigure.SpringBootDependencyInjectionTestExecutionListener@489e1887, org.springframework.test.context.support.DirtiesContextTestExecutionListener@7421213d, org.springframework.test.context.transaction.TransactionalTestExecutionListener@6e98fd10, org.springframework.test.context.jdbc.SqlScriptsTestExecutionListener@3a3f1703, org.springframework.test.context.event.EventPublishingTestExecutionListener@25d6ae3, org.springframework.boot.test.autoconfigure.restdocs.RestDocsTestExecutionListener@7f088b5c, org.springframework.boot.test.autoconfigure.web.client.MockRestServiceServerResetTestExecutionListener@56d189d0, org.springframework.boot.test.autoconfigure.web.servlet.MockMvcPrintOnlyOnFailureTestExecutionListener@14941b06, org.springframework.boot.test.autoconfigure.web.servlet.WebDriverTestExecutionListener@7d776105, org.springframework.boot.test.autoconfigure.webservices.client.MockWebServiceServerTestExecutionListener@461e479c, org.springframework.boot.test.mock.mockito.ResetMocksTestExecutionListener@1cdbc986]
]]></system-out>
  <system-err><![CDATA[]]></system-err>
</testsuite>
