<?xml version="1.0" encoding="UTF-8"?>
<testsuite name="com.mindhub.homebanking.CardUtilsTest" tests="2" skipped="0" failures="0" errors="0" timestamp="2022-08-23T21:14:57" hostname="MADMAX" time="0.479">
  <properties/>
  <testcase name="CVVIsCreated()" classname="com.mindhub.homebanking.CardUtilsTest" time="0.423"/>
  <testcase name="cardNumberCreated()" classname="com.mindhub.homebanking.CardUtilsTest" time="0.053"/>
  <system-out><![CDATA[18:14:25.838 [Test worker] DEBUG org.springframework.test.context.BootstrapUtils - Instantiating CacheAwareContextLoaderDelegate from class [org.springframework.test.context.cache.DefaultCacheAwareContextLoaderDelegate]
18:14:25.867 [Test worker] DEBUG org.springframework.test.context.BootstrapUtils - Instantiating BootstrapContext using constructor [public org.springframework.test.context.support.DefaultBootstrapContext(java.lang.Class,org.springframework.test.context.CacheAwareContextLoaderDelegate)]
18:14:25.973 [Test worker] DEBUG org.springframework.test.context.BootstrapUtils - Instantiating TestContextBootstrapper for test class [com.mindhub.homebanking.CardUtilsTest] from class [org.springframework.boot.test.context.SpringBootTestContextBootstrapper]
18:14:26.003 [Test worker] INFO org.springframework.boot.test.context.SpringBootTestContextBootstrapper - Neither @ContextConfiguration nor @ContextHierarchy found for test class [com.mindhub.homebanking.CardUtilsTest], using SpringBootContextLoader
18:14:26.015 [Test worker] DEBUG org.springframework.test.context.support.AbstractContextLoader - Did not detect default resource location for test class [com.mindhub.homebanking.CardUtilsTest]: class path resource [com/mindhub/homebanking/CardUtilsTest-context.xml] does not exist
18:14:26.017 [Test worker] DEBUG org.springframework.test.context.support.AbstractContextLoader - Did not detect default resource location for test class [com.mindhub.homebanking.CardUtilsTest]: class path resource [com/mindhub/homebanking/CardUtilsTestContext.groovy] does not exist
18:14:26.017 [Test worker] INFO org.springframework.test.context.support.AbstractContextLoader - Could not detect default resource locations for test class [com.mindhub.homebanking.CardUtilsTest]: no resource found for suffixes {-context.xml, Context.groovy}.
18:14:26.019 [Test worker] INFO org.springframework.test.context.support.AnnotationConfigContextLoaderUtils - Could not detect default configuration classes for test class [com.mindhub.homebanking.CardUtilsTest]: CardUtilsTest does not declare any static, non-private, non-final, nested classes annotated with @Configuration.
18:14:26.265 [Test worker] DEBUG org.springframework.test.context.support.ActiveProfilesUtils - Could not find an 'annotation declaring class' for annotation type [org.springframework.test.context.ActiveProfiles] and class [com.mindhub.homebanking.CardUtilsTest]
18:14:26.445 [Test worker] DEBUG org.springframework.context.annotation.ClassPathScanningCandidateComponentProvider - Identified candidate component class: file [C:\Users\Chespi\Documents\Curso Java\codigo\BerryBank\build\classes\java\main\com\mindhub\homebanking\HomebankingApplication.class]
18:14:26.448 [Test worker] INFO org.springframework.boot.test.context.SpringBootTestContextBootstrapper - Found @SpringBootConfiguration com.mindhub.homebanking.HomebankingApplication for test class com.mindhub.homebanking.CardUtilsTest
18:14:26.765 [Test worker] DEBUG org.springframework.boot.test.context.SpringBootTestContextBootstrapper - @TestExecutionListeners is not present for class [com.mindhub.homebanking.CardUtilsTest]: using defaults.
18:14:26.767 [Test worker] INFO org.springframework.boot.test.context.SpringBootTestContextBootstrapper - Loaded default TestExecutionListener class names from location [META-INF/spring.factories]: [org.springframework.boot.test.autoconfigure.restdocs.RestDocsTestExecutionListener, org.springframework.boot.test.autoconfigure.web.client.MockRestServiceServerResetTestExecutionListener, org.springframework.boot.test.autoconfigure.web.servlet.MockMvcPrintOnlyOnFailureTestExecutionListener, org.springframework.boot.test.autoconfigure.web.servlet.WebDriverTestExecutionListener, org.springframework.boot.test.autoconfigure.webservices.client.MockWebServiceServerTestExecutionListener, org.springframework.boot.test.mock.mockito.MockitoTestExecutionListener, org.springframework.boot.test.mock.mockito.ResetMocksTestExecutionListener, org.springframework.test.context.web.ServletTestExecutionListener, org.springframework.test.context.support.DirtiesContextBeforeModesTestExecutionListener, org.springframework.test.context.event.ApplicationEventsTestExecutionListener, org.springframework.test.context.support.DependencyInjectionTestExecutionListener, org.springframework.test.context.support.DirtiesContextTestExecutionListener, org.springframework.test.context.transaction.TransactionalTestExecutionListener, org.springframework.test.context.jdbc.SqlScriptsTestExecutionListener, org.springframework.test.context.event.EventPublishingTestExecutionListener]
18:14:26.819 [Test worker] INFO org.springframework.boot.test.context.SpringBootTestContextBootstrapper - Using TestExecutionListeners: [org.springframework.test.context.web.ServletTestExecutionListener@271f18d3, org.springframework.test.context.support.DirtiesContextBeforeModesTestExecutionListener@6bd51ed8, org.springframework.test.context.event.ApplicationEventsTestExecutionListener@61e3a1fd, org.springframework.boot.test.mock.mockito.MockitoTestExecutionListener@51abf713, org.springframework.boot.test.autoconfigure.SpringBootDependencyInjectionTestExecutionListener@eadb475, org.springframework.test.context.support.DirtiesContextTestExecutionListener@4d4d48a6, org.springframework.test.context.transaction.TransactionalTestExecutionListener@315df4bb, org.springframework.test.context.jdbc.SqlScriptsTestExecutionListener@3fc08eec, org.springframework.test.context.event.EventPublishingTestExecutionListener@5cad8b7d, org.springframework.boot.test.autoconfigure.restdocs.RestDocsTestExecutionListener@7b02e036, org.springframework.boot.test.autoconfigure.web.client.MockRestServiceServerResetTestExecutionListener@25243bc1, org.springframework.boot.test.autoconfigure.web.servlet.MockMvcPrintOnlyOnFailureTestExecutionListener@1e287667, org.springframework.boot.test.autoconfigure.web.servlet.WebDriverTestExecutionListener@2e6ee0bc, org.springframework.boot.test.autoconfigure.webservices.client.MockWebServiceServerTestExecutionListener@4201a617, org.springframework.boot.test.mock.mockito.ResetMocksTestExecutionListener@467f77a5]
18:14:26.833 [Test worker] DEBUG org.springframework.test.context.support.AbstractDirtiesContextTestExecutionListener - Before test class: context [DefaultTestContext@1556f2dd testClass = CardUtilsTest, testInstance = [null], testMethod = [null], testException = [null], mergedContextConfiguration = [WebMergedContextConfiguration@35e52059 testClass = CardUtilsTest, locations = '{}', classes = '{class com.mindhub.homebanking.HomebankingApplication}', contextInitializerClasses = '[]', activeProfiles = '{}', propertySourceLocations = '{}', propertySourceProperties = '{org.springframework.boot.test.context.SpringBootTestContextBootstrapper=true}', contextCustomizers = set[org.springframework.boot.test.autoconfigure.actuate.metrics.MetricsExportContextCustomizerFactory$DisableMetricExportContextCustomizer@4fbda97b, org.springframework.boot.test.autoconfigure.properties.PropertyMappingContextCustomizer@a030801b, org.springframework.boot.test.autoconfigure.web.servlet.WebDriverContextCustomizerFactory$Customizer@75ed9710, [ImportsContextCustomizer@62577d6 key = [org.springframework.boot.test.autoconfigure.jdbc.TestDatabaseAutoConfiguration, org.springframework.boot.autoconfigure.jdbc.DataSourceAutoConfiguration]], org.springframework.boot.test.context.filter.ExcludeFilterContextCustomizer@25748410, org.springframework.boot.test.json.DuplicateJsonObjectContextCustomizerFactory$DuplicateJsonObjectContextCustomizer@6bb75258, org.springframework.boot.test.mock.mockito.MockitoContextCustomizer@0, org.springframework.boot.test.web.client.TestRestTemplateContextCustomizer@339bf286, org.springframework.boot.test.context.SpringBootTestArgs@1, org.springframework.boot.test.context.SpringBootTestWebEnvironment@6f1c29b7], resourceBasePath = 'src/main/webapp', contextLoader = 'org.springframework.boot.test.context.SpringBootContextLoader', parent = [null]], attributes = map['org.springframework.test.context.web.ServletTestExecutionListener.activateListener' -> true]], class annotated with @DirtiesContext [false] with mode [null].

  .   ____          _            __ _ _
 /\\ / ___'_ __ _ _(_)_ __  __ _ \ \ \ \
( ( )\___ | '_ | '_| | '_ \/ _` | \ \ \ \
 \\/  ___)| |_)| | | | | || (_| |  ) ) ) )
  '  |____| .__|_| |_|_| |_\__, | / / / /
 =========|_|==============|___/=/_/_/_/
 :: Spring Boot ::                (v2.7.2)

2022-08-23 18:14:28.059  INFO 19376 --- [    Test worker] com.mindhub.homebanking.CardUtilsTest    : Starting CardUtilsTest using Java 11.0.16 on MADMAX with PID 19376 (started by Chespi in C:\Users\Chespi\Documents\Curso Java\codigo\BerryBank)
2022-08-23 18:14:28.064  INFO 19376 --- [    Test worker] com.mindhub.homebanking.CardUtilsTest    : No active profile set, falling back to 1 default profile: "default"
2022-08-23 18:14:31.023  INFO 19376 --- [    Test worker] .s.d.r.c.RepositoryConfigurationDelegate : Bootstrapping Spring Data JPA repositories in DEFAULT mode.
2022-08-23 18:14:31.292  INFO 19376 --- [    Test worker] .s.d.r.c.RepositoryConfigurationDelegate : Finished Spring Data repository scanning in 235 ms. Found 6 JPA repository interfaces.
2022-08-23 18:14:33.191  INFO 19376 --- [    Test worker] beddedDataSourceBeanFactoryPostProcessor : Replacing 'dataSource' DataSource bean with embedded version
2022-08-23 18:14:34.332  INFO 19376 --- [    Test worker] o.s.j.d.e.EmbeddedDatabaseFactory        : Starting embedded database: url='jdbc:h2:mem:34994491-2105-4f49-9f42-0170ea3c30bd;DB_CLOSE_DELAY=-1;DB_CLOSE_ON_EXIT=false', username='sa'
2022-08-23 18:14:36.068  INFO 19376 --- [    Test worker] o.hibernate.jpa.internal.util.LogHelper  : HHH000204: Processing PersistenceUnitInfo [name: default]
2022-08-23 18:14:36.290  INFO 19376 --- [    Test worker] org.hibernate.Version                    : HHH000412: Hibernate ORM core version 5.6.10.Final
2022-08-23 18:14:37.382  INFO 19376 --- [    Test worker] o.hibernate.annotations.common.Version   : HCANN000001: Hibernate Commons Annotations {5.1.2.Final}
2022-08-23 18:14:38.101  INFO 19376 --- [    Test worker] org.hibernate.dialect.Dialect            : HHH000400: Using dialect: org.hibernate.dialect.H2Dialect
2022-08-23 18:14:41.113  INFO 19376 --- [    Test worker] o.h.e.t.j.p.i.JtaPlatformInitiator       : HHH000490: Using JtaPlatform implementation: [org.hibernate.engine.transaction.jta.platform.internal.NoJtaPlatform]
2022-08-23 18:14:41.144  INFO 19376 --- [    Test worker] j.LocalContainerEntityManagerFactoryBean : Initialized JPA EntityManagerFactory for persistence unit 'default'
2022-08-23 18:14:43.896  WARN 19376 --- [    Test worker] JpaBaseConfiguration$JpaWebConfiguration : spring.jpa.open-in-view is enabled by default. Therefore, database queries may be performed during view rendering. Explicitly configure spring.jpa.open-in-view to disable this warning
2022-08-23 18:14:48.940  INFO 19376 --- [    Test worker] o.s.s.web.DefaultSecurityFilterChain     : Will secure any request with [org.springframework.security.web.session.DisableEncodeUrlFilter@7552f05b, org.springframework.security.web.context.request.async.WebAsyncManagerIntegrationFilter@524418a2, org.springframework.security.web.context.SecurityContextPersistenceFilter@5b3c2a9f, org.springframework.security.web.header.HeaderWriterFilter@1a99744a, org.springframework.security.web.authentication.logout.LogoutFilter@639bf405, org.springframework.security.web.authentication.UsernamePasswordAuthenticationFilter@446fb72e, org.springframework.security.web.savedrequest.RequestCacheAwareFilter@c7cbc2d, org.springframework.security.web.servletapi.SecurityContextHolderAwareRequestFilter@677274e7, org.springframework.security.web.authentication.AnonymousAuthenticationFilter@322593ed, org.springframework.security.web.session.SessionManagementFilter@2433bcd4, org.springframework.security.web.access.ExceptionTranslationFilter@6c6c93f8, org.springframework.security.web.access.intercept.FilterSecurityInterceptor@d6879bf]
2022-08-23 18:14:52.317  INFO 19376 --- [    Test worker] o.s.b.a.h2.H2ConsoleAutoConfiguration    : H2 console available at '/h2-console'. Database available at 'jdbc:h2:mem:34994491-2105-4f49-9f42-0170ea3c30bd'
2022-08-23 18:14:56.157  INFO 19376 --- [    Test worker] com.mindhub.homebanking.CardUtilsTest    : Started CardUtilsTest in 29.214 seconds (JVM running for 33.561)
]]></system-out>
  <system-err><![CDATA[]]></system-err>
</testsuite>
