<?xml version="1.0" encoding="UTF-8"?>
<testsuite name="com.mindhub.homebanking.HomebankingApplicationTests" tests="1" skipped="0" failures="0" errors="0" timestamp="2022-08-23T21:15:06" hostname="MADMAX" time="0.014">
  <properties/>
  <testcase name="contextLoads()" classname="com.mindhub.homebanking.HomebankingApplicationTests" time="0.014"/>
  <system-out><![CDATA[2022-08-23 18:14:57.517  INFO 19376 --- [    Test worker] .b.t.c.SpringBootTestContextBootstrapper : Neither @ContextConfiguration nor @ContextHierarchy found for test class [com.mindhub.homebanking.HomebankingApplicationTests], using SpringBootContextLoader
2022-08-23 18:14:57.520  INFO 19376 --- [    Test worker] o.s.t.c.support.AbstractContextLoader    : Could not detect default resource locations for test class [com.mindhub.homebanking.HomebankingApplicationTests]: no resource found for suffixes {-context.xml, Context.groovy}.
2022-08-23 18:14:57.526  INFO 19376 --- [    Test worker] t.c.s.AnnotationConfigContextLoaderUtils : Could not detect default configuration classes for test class [com.mindhub.homebanking.HomebankingApplicationTests]: HomebankingApplicationTests does not declare any static, non-private, non-final, nested classes annotated with @Configuration.
2022-08-23 18:14:57.533  INFO 19376 --- [    Test worker] .b.t.c.SpringBootTestContextBootstrapper : Found @SpringBootConfiguration com.mindhub.homebanking.HomebankingApplication for test class com.mindhub.homebanking.HomebankingApplicationTests
2022-08-23 18:14:57.539  INFO 19376 --- [    Test worker] .b.t.c.SpringBootTestContextBootstrapper : Loaded default TestExecutionListener class names from location [META-INF/spring.factories]: [org.springframework.boot.test.autoconfigure.restdocs.RestDocsTestExecutionListener, org.springframework.boot.test.autoconfigure.web.client.MockRestServiceServerResetTestExecutionListener, org.springframework.boot.test.autoconfigure.web.servlet.MockMvcPrintOnlyOnFailureTestExecutionListener, org.springframework.boot.test.autoconfigure.web.servlet.WebDriverTestExecutionListener, org.springframework.boot.test.autoconfigure.webservices.client.MockWebServiceServerTestExecutionListener, org.springframework.boot.test.mock.mockito.MockitoTestExecutionListener, org.springframework.boot.test.mock.mockito.ResetMocksTestExecutionListener, org.springframework.test.context.web.ServletTestExecutionListener, org.springframework.test.context.support.DirtiesContextBeforeModesTestExecutionListener, org.springframework.test.context.event.ApplicationEventsTestExecutionListener, org.springframework.test.context.support.DependencyInjectionTestExecutionListener, org.springframework.test.context.support.DirtiesContextTestExecutionListener, org.springframework.test.context.transaction.TransactionalTestExecutionListener, org.springframework.test.context.jdbc.SqlScriptsTestExecutionListener, org.springframework.test.context.event.EventPublishingTestExecutionListener]
2022-08-23 18:14:57.541  INFO 19376 --- [    Test worker] .b.t.c.SpringBootTestContextBootstrapper : Using TestExecutionListeners: [org.springframework.test.context.web.ServletTestExecutionListener@32ae890, org.springframework.test.context.support.DirtiesContextBeforeModesTestExecutionListener@45bb502f, org.springframework.test.context.event.ApplicationEventsTestExecutionListener@7aac6d13, org.springframework.boot.test.mock.mockito.MockitoTestExecutionListener@7e34e466, org.springframework.boot.test.autoconfigure.SpringBootDependencyInjectionTestExecutionListener@2a8eed58, org.springframework.test.context.support.DirtiesContextTestExecutionListener@352bea0e, org.springframework.test.context.transaction.TransactionalTestExecutionListener@2cf6dd4d, org.springframework.test.context.jdbc.SqlScriptsTestExecutionListener@75381b61, org.springframework.test.context.event.EventPublishingTestExecutionListener@2801ccb3, org.springframework.boot.test.autoconfigure.restdocs.RestDocsTestExecutionListener@42102827, org.springframework.boot.test.autoconfigure.web.client.MockRestServiceServerResetTestExecutionListener@5896899d, org.springframework.boot.test.autoconfigure.web.servlet.MockMvcPrintOnlyOnFailureTestExecutionListener@6d4062fd, org.springframework.boot.test.autoconfigure.web.servlet.WebDriverTestExecutionListener@4b024fb2, org.springframework.boot.test.autoconfigure.webservices.client.MockWebServiceServerTestExecutionListener@89017e5, org.springframework.boot.test.mock.mockito.ResetMocksTestExecutionListener@6426ad0b]

  .   ____          _            __ _ _
 /\\ / ___'_ __ _ _(_)_ __  __ _ \ \ \ \
( ( )\___ | '_ | '_| | '_ \/ _` | \ \ \ \
 \\/  ___)| |_)| | | | | || (_| |  ) ) ) )
  '  |____| .__|_| |_|_| |_\__, | / / / /
 =========|_|==============|___/=/_/_/_/
 :: Spring Boot ::                (v2.7.2)

2022-08-23 18:14:57.631  INFO 19376 --- [    Test worker] c.m.h.HomebankingApplicationTests        : Starting HomebankingApplicationTests using Java 11.0.16 on MADMAX with PID 19376 (started by Chespi in C:\Users\Chespi\Documents\Curso Java\codigo\BerryBank)
2022-08-23 18:14:57.631  INFO 19376 --- [    Test worker] c.m.h.HomebankingApplicationTests        : No active profile set, falling back to 1 default profile: "default"
2022-08-23 18:14:58.369  INFO 19376 --- [    Test worker] .s.d.r.c.RepositoryConfigurationDelegate : Bootstrapping Spring Data JPA repositories in DEFAULT mode.
2022-08-23 18:14:58.464  INFO 19376 --- [    Test worker] .s.d.r.c.RepositoryConfigurationDelegate : Finished Spring Data repository scanning in 93 ms. Found 6 JPA repository interfaces.
2022-08-23 18:14:59.075  INFO 19376 --- [    Test worker] com.zaxxer.hikari.HikariDataSource       : HikariPool-1 - Starting...
2022-08-23 18:14:59.165  INFO 19376 --- [    Test worker] com.zaxxer.hikari.HikariDataSource       : HikariPool-1 - Start completed.
2022-08-23 18:14:59.290  INFO 19376 --- [    Test worker] o.hibernate.jpa.internal.util.LogHelper  : HHH000204: Processing PersistenceUnitInfo [name: default]
2022-08-23 18:14:59.342  INFO 19376 --- [    Test worker] org.hibernate.dialect.Dialect            : HHH000400: Using dialect: org.hibernate.dialect.H2Dialect
2022-08-23 18:14:59.969  INFO 19376 --- [    Test worker] o.h.e.t.j.p.i.JtaPlatformInitiator       : HHH000490: Using JtaPlatform implementation: [org.hibernate.engine.transaction.jta.platform.internal.NoJtaPlatform]
2022-08-23 18:14:59.970  INFO 19376 --- [    Test worker] j.LocalContainerEntityManagerFactoryBean : Initialized JPA EntityManagerFactory for persistence unit 'default'
2022-08-23 18:15:00.706  WARN 19376 --- [    Test worker] JpaBaseConfiguration$JpaWebConfiguration : spring.jpa.open-in-view is enabled by default. Therefore, database queries may be performed during view rendering. Explicitly configure spring.jpa.open-in-view to disable this warning
2022-08-23 18:15:02.293  INFO 19376 --- [    Test worker] o.s.s.web.DefaultSecurityFilterChain     : Will secure any request with [org.springframework.security.web.session.DisableEncodeUrlFilter@125447a0, org.springframework.security.web.context.request.async.WebAsyncManagerIntegrationFilter@cede70a, org.springframework.security.web.context.SecurityContextPersistenceFilter@2afd8972, org.springframework.security.web.header.HeaderWriterFilter@6b71fded, org.springframework.security.web.authentication.logout.LogoutFilter@1b7c1c6f, org.springframework.security.web.authentication.UsernamePasswordAuthenticationFilter@4d71476c, org.springframework.security.web.savedrequest.RequestCacheAwareFilter@33fefbbe, org.springframework.security.web.servletapi.SecurityContextHolderAwareRequestFilter@5784f6b9, org.springframework.security.web.authentication.AnonymousAuthenticationFilter@6dc8a602, org.springframework.security.web.session.SessionManagementFilter@1633962a, org.springframework.security.web.access.ExceptionTranslationFilter@35f59dfe, org.springframework.security.web.access.intercept.FilterSecurityInterceptor@65208c91]
2022-08-23 18:15:03.444  INFO 19376 --- [    Test worker] o.s.b.a.h2.H2ConsoleAutoConfiguration    : H2 console available at '/h2-console'. Database available at 'jdbc:h2:mem:homebanking'
2022-08-23 18:15:06.089  INFO 19376 --- [    Test worker] c.m.h.HomebankingApplicationTests        : Started HomebankingApplicationTests in 8.539 seconds (JVM running for 43.493)
]]></system-out>
  <system-err><![CDATA[]]></system-err>
</testsuite>
