<?xml version="1.0" encoding="UTF-8"?>
<testsuite name="com.mindhub.homebanking.RepositoriesTest" tests="2" skipped="0" failures="0" errors="0" timestamp="2022-09-13T19:48:05" hostname="C11-OGEQR65BH1A" time="0.148">
  <properties/>
  <testcase name="existPersonalLoan()" classname="com.mindhub.homebanking.RepositoriesTest" time="0.138"/>
  <testcase name="existLoans()" classname="com.mindhub.homebanking.RepositoriesTest" time="0.009"/>
  <system-out><![CDATA[2022-09-13 16:48:05.804  INFO 13668 --- [    Test worker] .b.t.c.SpringBootTestContextBootstrapper : Neither @ContextConfiguration nor @ContextHierarchy found for test class [com.mindhub.homebanking.RepositoriesTest], using SpringBootContextLoader
2022-09-13 16:48:05.805  INFO 13668 --- [    Test worker] o.s.t.c.support.AbstractContextLoader    : Could not detect default resource locations for test class [com.mindhub.homebanking.RepositoriesTest]: no resource found for suffixes {-context.xml, Context.groovy}.
2022-09-13 16:48:05.805  INFO 13668 --- [    Test worker] t.c.s.AnnotationConfigContextLoaderUtils : Could not detect default configuration classes for test class [com.mindhub.homebanking.RepositoriesTest]: RepositoriesTest does not declare any static, non-private, non-final, nested classes annotated with @Configuration.
2022-09-13 16:48:05.807  INFO 13668 --- [    Test worker] .b.t.c.SpringBootTestContextBootstrapper : Found @SpringBootConfiguration com.mindhub.homebanking.HomebankingApplication for test class com.mindhub.homebanking.RepositoriesTest
2022-09-13 16:48:05.809  INFO 13668 --- [    Test worker] .b.t.c.SpringBootTestContextBootstrapper : Loaded default TestExecutionListener class names from location [META-INF/spring.factories]: [org.springframework.boot.test.autoconfigure.restdocs.RestDocsTestExecutionListener, org.springframework.boot.test.autoconfigure.web.client.MockRestServiceServerResetTestExecutionListener, org.springframework.boot.test.autoconfigure.web.servlet.MockMvcPrintOnlyOnFailureTestExecutionListener, org.springframework.boot.test.autoconfigure.web.servlet.WebDriverTestExecutionListener, org.springframework.boot.test.autoconfigure.webservices.client.MockWebServiceServerTestExecutionListener, org.springframework.boot.test.mock.mockito.MockitoTestExecutionListener, org.springframework.boot.test.mock.mockito.ResetMocksTestExecutionListener, org.springframework.test.context.web.ServletTestExecutionListener, org.springframework.test.context.support.DirtiesContextBeforeModesTestExecutionListener, org.springframework.test.context.event.ApplicationEventsTestExecutionListener, org.springframework.test.context.support.DependencyInjectionTestExecutionListener, org.springframework.test.context.support.DirtiesContextTestExecutionListener, org.springframework.test.context.transaction.TransactionalTestExecutionListener, org.springframework.test.context.jdbc.SqlScriptsTestExecutionListener, org.springframework.test.context.event.EventPublishingTestExecutionListener]
2022-09-13 16:48:05.810  INFO 13668 --- [    Test worker] .b.t.c.SpringBootTestContextBootstrapper : Using TestExecutionListeners: [org.springframework.test.context.web.ServletTestExecutionListener@27bfa57f, org.springframework.test.context.support.DirtiesContextBeforeModesTestExecutionListener@39b50027, org.springframework.test.context.event.ApplicationEventsTestExecutionListener@24c4370a, org.springframework.boot.test.mock.mockito.MockitoTestExecutionListener@1b6daf20, org.springframework.boot.test.autoconfigure.SpringBootDependencyInjectionTestExecutionListener@41a3656f, org.springframework.test.context.support.DirtiesContextTestExecutionListener@5086e144, org.springframework.test.context.transaction.TransactionalTestExecutionListener@557fe039, org.springframework.test.context.jdbc.SqlScriptsTestExecutionListener@231d5119, org.springframework.test.context.event.EventPublishingTestExecutionListener@79cfc008, org.springframework.boot.test.autoconfigure.restdocs.RestDocsTestExecutionListener@1ea482b4, org.springframework.boot.test.autoconfigure.web.client.MockRestServiceServerResetTestExecutionListener@3470c771, org.springframework.boot.test.autoconfigure.web.servlet.MockMvcPrintOnlyOnFailureTestExecutionListener@7d2ccd7f, org.springframework.boot.test.autoconfigure.web.servlet.WebDriverTestExecutionListener@7ae49d52, org.springframework.boot.test.autoconfigure.webservices.client.MockWebServiceServerTestExecutionListener@40ef1198, org.springframework.boot.test.mock.mockito.ResetMocksTestExecutionListener@72161dbb]
]]></system-out>
  <system-err><![CDATA[]]></system-err>
</testsuite>
